cabal: Entering directory '/tmp/cabal-tmp-8343/optparse-applicative-0.14.0.0'
Configuring optparse-applicative-0.14.0.0...
Building optparse-applicative-0.14.0.0...
Preprocessing library optparse-applicative-0.14.0.0...
[ 1 of 16] Compiling Options.Applicative.Help.Levenshtein ( Options/Applicative/Help/Levenshtein.hs, dist/dist-sandbox-94c3599e/build/Options/Applicative/Help/Levenshtein.o )
[ 2 of 16] Compiling Options.Applicative.Help.Pretty ( Options/Applicative/Help/Pretty.hs, dist/dist-sandbox-94c3599e/build/Options/Applicative/Help/Pretty.o )
[ 3 of 16] Compiling Options.Applicative.Help.Chunk ( Options/Applicative/Help/Chunk.hs, dist/dist-sandbox-94c3599e/build/Options/Applicative/Help/Chunk.o )
[ 4 of 16] Compiling Options.Applicative.Help.Types ( Options/Applicative/Help/Types.hs, dist/dist-sandbox-94c3599e/build/Options/Applicative/Help/Types.o )
[ 5 of 16] Compiling Options.Applicative.Types ( Options/Applicative/Types.hs, dist/dist-sandbox-94c3599e/build/Options/Applicative/Types.o )
[ 6 of 16] Compiling Options.Applicative.Internal ( Options/Applicative/Internal.hs, dist/dist-sandbox-94c3599e/build/Options/Applicative/Internal.o )
[ 7 of 16] Compiling Options.Applicative.Builder.Completer ( Options/Applicative/Builder/Completer.hs, dist/dist-sandbox-94c3599e/build/Options/Applicative/Builder/Completer.o )
[ 8 of 16] Compiling Options.Applicative.Common ( Options/Applicative/Common.hs, dist/dist-sandbox-94c3599e/build/Options/Applicative/Common.o )
[ 9 of 16] Compiling Options.Applicative.Builder.Internal ( Options/Applicative/Builder/Internal.hs, dist/dist-sandbox-94c3599e/build/Options/Applicative/Builder/Internal.o )
[10 of 16] Compiling Options.Applicative.Builder ( Options/Applicative/Builder.hs, dist/dist-sandbox-94c3599e/build/Options/Applicative/Builder.o )
[11 of 16] Compiling Options.Applicative.BashCompletion ( Options/Applicative/BashCompletion.hs, dist/dist-sandbox-94c3599e/build/Options/Applicative/BashCompletion.o )
[12 of 16] Compiling Options.Applicative.Help.Core ( Options/Applicative/Help/Core.hs, dist/dist-sandbox-94c3599e/build/Options/Applicative/Help/Core.o )
[13 of 16] Compiling Options.Applicative.Help ( Options/Applicative/Help.hs, dist/dist-sandbox-94c3599e/build/Options/Applicative/Help.o )
[14 of 16] Compiling Options.Applicative.Extra ( Options/Applicative/Extra.hs, dist/dist-sandbox-94c3599e/build/Options/Applicative/Extra.o )
[15 of 16] Compiling Options.Applicative ( Options/Applicative.hs, dist/dist-sandbox-94c3599e/build/Options/Applicative.o )
[16 of 16] Compiling Options.Applicative.Arrows ( Options/Applicative/Arrows.hs, dist/dist-sandbox-94c3599e/build/Options/Applicative/Arrows.o )
Creating package registration file:
/tmp/pkgConf-optparse-applicative-0.14.013651805401540383426.0
Installing library in
/home/metamist/dev/haskell/workspacer/.cabal-sandbox/lib/x86_64-linux-ghc-8.0.1/optparse-applicative-0.14.0.0-IbcoWeP2hhm7AfxKkENiU3
Registering optparse-applicative-0.14.0.0...
cabal: Leaving directory '/tmp/cabal-tmp-8343/optparse-applicative-0.14.0.0'
